c:\users\gian\documents\visual studio 2013\projects\raytracer\raytracer\debug\vc120.pdb
c:\users\gian\documents\visual studio 2013\projects\raytracer\raytracer\debug\vc120.idb
c:\users\gian\documents\visual studio 2013\projects\raytracer\raytracer\debug\camera.obj
c:\users\gian\documents\visual studio 2013\projects\raytracer\raytracer\debug\color.obj
c:\users\gian\documents\visual studio 2013\projects\raytracer\raytracer\debug\light.obj
c:\users\gian\documents\visual studio 2013\projects\raytracer\raytracer\debug\plane.obj
c:\users\gian\documents\visual studio 2013\projects\raytracer\raytracer\debug\shape.obj
c:\users\gian\documents\visual studio 2013\projects\raytracer\raytracer\debug\ray.obj
c:\users\gian\documents\visual studio 2013\projects\raytracer\raytracer\debug\polygons.obj
c:\users\gian\documents\visual studio 2013\projects\raytracer\raytracer\debug\sphere.obj
c:\users\gian\documents\visual studio 2013\projects\raytracer\raytracer\debug\vector3d.obj
c:\users\gian\documents\visual studio 2013\projects\raytracer\raytracer\debug\bitmap.obj
c:\users\gian\documents\visual studio 2013\projects\raytracer\raytracer\debug\main.obj
c:\users\gian\documents\visual studio 2013\projects\raytracer\raytracer\debug\source.obj
c:\users\gian\documents\visual studio 2013\projects\raytracer\debug\raytracer.ilk
c:\users\gian\documents\visual studio 2013\projects\raytracer\debug\raytracer.exe
c:\users\gian\documents\visual studio 2013\projects\raytracer\debug\raytracer.pdb
c:\users\gian\documents\visual studio 2013\projects\raytracer\raytracer\debug\raytracer.res
c:\users\gian\documents\visual studio 2013\projects\raytracer\raytracer\debug\raytracer.tlog\cl.command.1.tlog
c:\users\gian\documents\visual studio 2013\projects\raytracer\raytracer\debug\raytracer.tlog\cl.read.1.tlog
c:\users\gian\documents\visual studio 2013\projects\raytracer\raytracer\debug\raytracer.tlog\cl.write.1.tlog
c:\users\gian\documents\visual studio 2013\projects\raytracer\raytracer\debug\raytracer.tlog\link.command.1.tlog
c:\users\gian\documents\visual studio 2013\projects\raytracer\raytracer\debug\raytracer.tlog\link.read.1.tlog
c:\users\gian\documents\visual studio 2013\projects\raytracer\raytracer\debug\raytracer.tlog\link.write.1.tlog
c:\users\gian\documents\visual studio 2013\projects\raytracer\raytracer\debug\raytracer.tlog\rc.command.1.tlog
c:\users\gian\documents\visual studio 2013\projects\raytracer\raytracer\debug\raytracer.tlog\rc.read.1.tlog
c:\users\gian\documents\visual studio 2013\projects\raytracer\raytracer\debug\raytracer.tlog\rc.write.1.tlog
