\\bournemouth.ac.uk\data\student\home\dec\i7688655\visual studio 2013\projects\ooplab6new\ooplab6new\debug\vc120.pdb
\\bournemouth.ac.uk\data\student\home\dec\i7688655\visual studio 2013\projects\ooplab6new\ooplab6new\debug\vc120.idb
\\bournemouth.ac.uk\data\student\home\dec\i7688655\visual studio 2013\projects\ooplab6new\ooplab6new\debug\examples.obj
\\bournemouth.ac.uk\data\student\home\dec\i7688655\visual studio 2013\projects\ooplab6new\ooplab6new\debug\main.obj
\\bournemouth.ac.uk\data\student\home\dec\i7688655\visual studio 2013\projects\ooplab6new\ooplab6new\debug\slingshot.obj
\\bournemouth.ac.uk\data\student\home\dec\i7688655\visual studio 2013\projects\ooplab6new\ooplab6new\debug\birds.obj
\\bournemouth.ac.uk\data\student\home\dec\i7688655\visual studio 2013\projects\ooplab6new\ooplab6new\debug\previouslabs.obj
h:\visual studio 2013\projects\ooplab6new\ooplab6new\debug\vc120.pdb
h:\visual studio 2013\projects\ooplab6new\ooplab6new\debug\vc120.idb
h:\visual studio 2013\projects\ooplab6new\ooplab6new\debug\birds.obj
h:\visual studio 2013\projects\ooplab6new\ooplab6new\debug\examples.obj
h:\visual studio 2013\projects\ooplab6new\ooplab6new\debug\main.obj
h:\visual studio 2013\projects\ooplab6new\ooplab6new\debug\previouslabs.obj
h:\visual studio 2013\projects\ooplab6new\ooplab6new\debug\slingshot.obj
\\bournemouth.ac.uk\data\student\home\dec\i7688655\visual studio 2013\projects\ooplab6new\debug\ooplab6new.ilk
\\bournemouth.ac.uk\data\student\home\dec\i7688655\visual studio 2013\projects\ooplab6new\debug\ooplab6new.exe
\\bournemouth.ac.uk\data\student\home\dec\i7688655\visual studio 2013\projects\ooplab6new\debug\ooplab6new.pdb
h:\visual studio 2013\projects\ooplab6new\debug\ooplab6new.ilk
h:\visual studio 2013\projects\ooplab6new\debug\ooplab6new.exe
h:\visual studio 2013\projects\ooplab6new\debug\ooplab6new.pdb
h:\visual studio 2013\projects\ooplab6new\ooplab6new\debug\ooplab6new.tlog\cl.read.1.tlog
h:\visual studio 2013\projects\ooplab6new\ooplab6new\debug\ooplab6new.tlog\cl.write.1.tlog
h:\visual studio 2013\projects\ooplab6new\ooplab6new\debug\ooplab6new.tlog\cl.command.1.tlog
h:\visual studio 2013\projects\ooplab6new\ooplab6new\debug\ooplab6new.tlog\link.read.1.tlog
h:\visual studio 2013\projects\ooplab6new\ooplab6new\debug\ooplab6new.tlog\link.write.1.tlog
h:\visual studio 2013\projects\ooplab6new\ooplab6new\debug\ooplab6new.tlog\link.command.1.tlog
